<?xml version="1.0" encoding="UTF-8" ?>

<node name="/org/freedesktop/DBus/Tests/MyTestObject">

  <interface name="org.freedesktop.DBus.Tests.MyObject">
    <annotation name="org.freedesktop.DBus.GLib.CSymbol" value="my_object"/>

    <method name="DoNothing">
      <annotation name="org.freedesktop.DBus.GLib.CSymbol" value="my_object_do_nothing"/>
    </method>

    <method name="Increment">
      <annotation name="org.freedesktop.DBus.GLib.CSymbol" value="my_object_increment"/>
      <arg type="uint32" name="x" />
      <arg type="uint32" direction="out" />
    </method>

    <method name="ThrowError">
      <annotation name="org.freedesktop.DBus.GLib.CSymbol" value="my_object_throw_error"/>
    </method>

    <method name="Uppercase">
      <annotation name="org.freedesktop.DBus.GLib.CSymbol" value="my_object_uppercase"/>
      <arg type="string" direction="in" />
      <arg type="string" direction="out" />
    </method>

    <method name="ManyArgs">
      <annotation name="org.freedesktop.DBus.GLib.CSymbol" value="my_object_many_args"/>
      <arg type="uint32" name="x" direction="in" />
      <arg type="string" name="str" direction="in" />
      <arg type="double" name="trouble" direction="in" />
      <arg type="double" name="d_ret" direction="out" />
      <arg type="string" name="str_ret" direction="out" />
    </method>

  </interface>

</node>
